<?xml version="1.0" encoding="UTF-8"?>
<!-- Generated by org.testng.reporters.JUnitXMLReporter -->
<testsuite hostname="GGKU3SYS304" name="HookableListenerExample" tests="3" failures="0" timestamp="18 Apr 2017 07:25:48 GMT" time="0.017" errors="0">
  <testcase name="t" time="0.003" classname="com.ggktech.listeners.HookableExample"/>
  <testcase name="t" time="0.001" classname="com.ggktech.listeners.HookableExample"/>
  <testcase name="t" time="0.0" classname="com.ggktech.listeners.HookableExample"/>
</testsuite> <!-- HookableListenerExample -->
