<?xml version="1.0" encoding="UTF-8"?>
<!-- Generated by org.testng.reporters.JUnitXMLReporter -->
<testsuite hostname="GGKU3SYS304" name="Command line test" tests="2" failures="1" timestamp="11 Apr 2017 05:51:19 GMT" time="17.909" errors="0">
  <testcase name="checkPageTitle" time="1.85" classname="com.ggktech.tests.VerifyListenerWithServiceAPI">
    <failure type="java.lang.AssertionError" message="expected [page] but found [Google]">
      <![CDATA[java.lang.AssertionError: expected [page] but found [Google]
	at com.ggktech.tests.VerifyListenerWithServiceAPI.checkPageTitle(VerifyListenerWithServiceAPI.java:34)
	at com.ggktech.tests.AddingListenerWithServiceAPI.main(AddingListenerWithServiceAPI.java:12)
... Removed 27 stack frames]]>
    </failure>
  </testcase> <!-- checkPageTitle -->
  <testcase name="launchGooglePage" time="1.484" classname="com.ggktech.tests.VerifyListenerWithServiceAPI"/>
</testsuite> <!-- Command line test -->
