<?xml version="1.0" encoding="UTF-8"?>
<!-- Generated by org.testng.reporters.JUnitXMLReporter -->
<testsuite hostname="GGKU3MAC036s-Mac-mini.local" name="Test456" tests="4" failures="0" timestamp="9 Jun 2017 12:11:55 GMT" time="0.076" errors="0">
  <testcase name="@AfterMethod tearDown" time="0.0" classname="com.ggktech.tests.TestListenerExample">
    <failure type="java.lang.NullPointerException">
      <![CDATA[java.lang.NullPointerException
	at com.ggktech.tests.TestListenerExample.tearDown(TestListenerExample.java:59)
... Removed 26 stack frames]]>
    </failure>
  </testcase> <!-- @AfterMethod tearDown -->
  <testcase name="@BeforeMethod setup" time="0.0" classname="com.ggktech.tests.TestListenerExample">
    <skipped/>
  </testcase> <!-- @BeforeMethod setup -->
  <testcase name="@AfterMethod tearDown" time="0.0" classname="com.ggktech.tests.TestListenerExample">
    <skipped/>
  </testcase> <!-- @AfterMethod tearDown -->
  <testcase name="launchGooglePage" time="0.009" classname="com.ggktech.tests.TestListenerExample"/>
  <testcase name="test3" time="0.002" classname="com.ggktech.tests.TestListenerExample">
    <skipped/>
  </testcase> <!-- test3 -->
  <testcase name="test4" time="0.0" classname="com.ggktech.tests.TestListenerExample">
    <skipped/>
  </testcase> <!-- test4 -->
  <testcase name="sampletest" time="0.001" classname="com.ggktech.tests.sample"/>
</testsuite> <!-- Test456 -->
