<?xml version="1.0" encoding="UTF-8"?>
<!-- Generated by org.testng.reporters.JUnitXMLReporter -->
<testsuite hostname="GGKU3SYS304" name="Reporter test" tests="3" failures="1" timestamp="18 Apr 2017 07:29:11 GMT" time="0.039" errors="0">
  <testcase name="test1" time="0.007" classname="com.ggktech.tests.ReporterListenerExample"/>
  <testcase name="test2" time="0.001" classname="com.ggktech.tests.ReporterListenerExample">
    <failure type="org.testng.TestException" message="
Method ReporterListenerExample.test2()[pri:0, instance:com.ggktech.tests.ReporterListenerExample@6833ce2c] should have thrown an exception of type class java.lang.RuntimeException">
      <![CDATA[org.testng.TestException: 
Method ReporterListenerExample.test2()[pri:0, instance:com.ggktech.tests.ReporterListenerExample@6833ce2c] should have thrown an exception of type class java.lang.RuntimeException
... Removed 21 stack frames]]>
    </failure>
  </testcase> <!-- test2 -->
  <testcase name="test3" time="0.0" classname="com.ggktech.tests.ReporterListenerExample">
    <skipped/>
  </testcase> <!-- test3 -->
</testsuite> <!-- Reporter test -->
